<?xml version="1.0" encoding="UTF-8"?>
<robot generator="Robot 4.0.3 (Python 3.8.6 on win32)" generated="20210728 15:38:01.436" rpa="false" schemaversion="2">
<suite id="s1" name="Robot Paramiko" source="C:\Users\WaseemS\Documents\robot_paramiko">
<suite id="s1-s1" name="Test Vm" source="C:\Users\WaseemS\Documents\robot_paramiko\test_vm">
<kw name="Custom Setup" type="SETUP">
<kw name="Login To Host" library="TestSSH">
<arg>${HOST}</arg>
<arg>port=2222</arg>
<arg>username=${USERNAME}</arg>
<arg>password=${PASSWORD}</arg>
<status status="PASS" starttime="20210728 15:38:01.594" endtime="20210728 15:38:01.652"/>
</kw>
<status status="PASS" starttime="20210728 15:38:01.594" endtime="20210728 15:38:01.653"/>
</kw>
<suite id="s1-s1-s1" name="Test Vm" source="C:\Users\WaseemS\Documents\robot_paramiko\test_vm\test_vm.robot">
<test id="s1-s1-s1-t1" name="Check Hostname">
<kw name="Get Hostname" library="TestSSH">
<var>${HOSTNAME}</var>
<msg timestamp="20210728 15:38:01.925" level="INFO">${HOSTNAME} = waseem-ahmad</msg>
<status status="PASS" starttime="20210728 15:38:01.661" endtime="20210728 15:38:01.925"/>
</kw>
<kw name="Log" library="BuiltIn">
<arg>${HOSTNAME}</arg>
<doc>Logs the given message with the given level.</doc>
<msg timestamp="20210728 15:38:01.926" level="INFO">waseem-ahmad</msg>
<status status="PASS" starttime="20210728 15:38:01.926" endtime="20210728 15:38:01.926"/>
</kw>
<kw name="Should Be Equal" library="BuiltIn">
<arg>${HOSTNAME}</arg>
<arg>waseem-ahmad</arg>
<doc>Fails if the given objects are unequal.</doc>
<status status="PASS" starttime="20210728 15:38:01.927" endtime="20210728 15:38:01.927"/>
</kw>
<status status="PASS" starttime="20210728 15:38:01.661" endtime="20210728 15:38:01.927"/>
</test>
<test id="s1-s1-s1-t2" name="Check Network">
<kw name="Get Network Configurations" library="TestSSH">
<var>${NETWORK}</var>
<msg timestamp="20210728 15:38:01.935" level="INFO">${NETWORK} = enp0s3: flags=4163&lt;UP,BROADCAST,RUNNING,MULTICAST&gt;  mtu 1500
        inet 10.0.2.15  netmask 255.255.255.0  broadcast 10.0.2.255
        inet6 fe80::49af:39d9:a007:792e  prefixlen 64  scopeid 0x20&lt;lin...</msg>
<status status="PASS" starttime="20210728 15:38:01.929" endtime="20210728 15:38:01.935"/>
</kw>
<kw name="Log" library="BuiltIn">
<arg>${NETWORK}</arg>
<doc>Logs the given message with the given level.</doc>
<msg timestamp="20210728 15:38:01.935" level="INFO">enp0s3: flags=4163&lt;UP,BROADCAST,RUNNING,MULTICAST&gt;  mtu 1500
        inet 10.0.2.15  netmask 255.255.255.0  broadcast 10.0.2.255
        inet6 fe80::49af:39d9:a007:792e  prefixlen 64  scopeid 0x20&lt;link&gt;
        ether 08:00:27:dd:d2:f7  txqueuelen 1000  (Ethernet)
        RX packets 45610  bytes 8797707 (8.7 MB)
        RX errors 0  dropped 0  overruns 0  frame 0
        TX packets 28847  bytes 6230782 (6.2 MB)
        TX errors 0  dropped 0 overruns 0  carrier 0  collisions 0

lo: flags=73&lt;UP,LOOPBACK,RUNNING&gt;  mtu 65536
        inet 127.0.0.1  netmask 255.0.0.0
        inet6 ::1  prefixlen 128  scopeid 0x10&lt;host&gt;
        loop  txqueuelen 1000  (Local Loopback)
        RX packets 541  bytes 48534 (48.5 KB)
        RX errors 0  dropped 0  overruns 0  frame 0
        TX packets 541  bytes 48534 (48.5 KB)
        TX errors 0  dropped 0 overruns 0  carrier 0  collisions 0

</msg>
<status status="PASS" starttime="20210728 15:38:01.935" endtime="20210728 15:38:01.936"/>
</kw>
<kw name="Should Contain" library="BuiltIn">
<arg>${NETWORK}</arg>
<arg>${NET1}</arg>
<doc>Fails if ``container`` does not contain ``item`` one or more times.</doc>
<status status="PASS" starttime="20210728 15:38:01.936" endtime="20210728 15:38:01.936"/>
</kw>
<kw name="Should Contain" library="BuiltIn">
<arg>${NETWORK}</arg>
<arg>${NET2}</arg>
<doc>Fails if ``container`` does not contain ``item`` one or more times.</doc>
<status status="PASS" starttime="20210728 15:38:01.937" endtime="20210728 15:38:01.937"/>
</kw>
<kw name="Should Contain" library="BuiltIn">
<arg>${NETWORK}</arg>
<arg>${NET3}</arg>
<doc>Fails if ``container`` does not contain ``item`` one or more times.</doc>
<status status="PASS" starttime="20210728 15:38:01.937" endtime="20210728 15:38:01.938"/>
</kw>
<status status="PASS" starttime="20210728 15:38:01.929" endtime="20210728 15:38:01.938"/>
</test>
<test id="s1-s1-s1-t3" name="Make Directory">
<kw name="Create Directory" library="TestSSH">
<arg>directory3</arg>
<msg timestamp="20210728 15:38:01.949" level="INFO">[chan 2] Opened sftp connection (server version 3)</msg>
<msg timestamp="20210728 15:38:01.952" level="INFO">[chan 2] sftp session closed.</msg>
<msg timestamp="20210728 15:38:01.960" level="INFO">[chan 3] Opened sftp connection (server version 3)</msg>
<msg timestamp="20210728 15:38:01.961" level="INFO">[chan 3] sftp session closed.</msg>
<msg timestamp="20210728 15:38:01.971" level="INFO">[chan 4] Opened sftp connection (server version 3)</msg>
<msg timestamp="20210728 15:38:01.973" level="INFO">[chan 4] sftp session closed.</msg>
<msg timestamp="20210728 15:38:01.973" level="INFO">-1</msg>
<status status="PASS" starttime="20210728 15:38:01.940" endtime="20210728 15:38:01.973"/>
</kw>
<kw name="Directory Should Exist" library="TestSSH">
<var>${RESULT}</var>
<arg>directory3</arg>
<msg timestamp="20210728 15:38:01.981" level="INFO">[chan 5] Opened sftp connection (server version 3)</msg>
<msg timestamp="20210728 15:38:01.984" level="INFO">[chan 5] sftp session closed.</msg>
<msg timestamp="20210728 15:38:01.984" level="INFO">-1</msg>
<msg timestamp="20210728 15:38:01.985" level="INFO">${RESULT} = 1</msg>
<status status="PASS" starttime="20210728 15:38:01.974" endtime="20210728 15:38:01.985"/>
</kw>
<kw name="Should Be Equal As Integers" library="BuiltIn">
<arg>${RESULT}</arg>
<arg>1</arg>
<doc>Fails if objects are unequal after converting them to integers.</doc>
<msg timestamp="20210728 15:38:01.986" level="INFO">Argument types are:
&lt;class 'int'&gt;
&lt;type 'unicode'&gt;</msg>
<status status="PASS" starttime="20210728 15:38:01.985" endtime="20210728 15:38:01.986"/>
</kw>
<status status="PASS" starttime="20210728 15:38:01.939" endtime="20210728 15:38:01.986"/>
</test>
<test id="s1-s1-s1-t4" name="Make File">
<kw name="Create File" library="TestSSH">
<arg>file12.txt</arg>
<arg>my name is waseem</arg>
<arg>.</arg>
<status status="PASS" starttime="20210728 15:38:01.988" endtime="20210728 15:38:02.000"/>
</kw>
<kw name="File Should Exist" library="TestSSH">
<arg>file12.txt</arg>
<msg timestamp="20210728 15:38:02.008" level="INFO">[chan 8] Opened sftp connection (server version 3)</msg>
<msg timestamp="20210728 15:38:02.012" level="INFO">[chan 8] sftp session closed.</msg>
<status status="PASS" starttime="20210728 15:38:02.001" endtime="20210728 15:38:02.012"/>
</kw>
<status status="PASS" starttime="20210728 15:38:01.987" endtime="20210728 15:38:02.013"/>
</test>
<test id="s1-s1-s1-t5" name="Put File">
<kw name="Put File" library="TestSSH">
<arg>./file123.txt</arg>
<arg>file123.txt</arg>
<msg timestamp="20210728 15:38:02.022" level="INFO">[chan 9] Opened sftp connection (server version 3)</msg>
<msg timestamp="20210728 15:38:02.025" level="INFO">[chan 9] sftp session closed.</msg>
<status status="PASS" starttime="20210728 15:38:02.014" endtime="20210728 15:38:02.025"/>
</kw>
<kw name="File Should Exist" library="TestSSH">
<arg>file123.txt</arg>
<msg timestamp="20210728 15:38:02.033" level="INFO">[chan 10] Opened sftp connection (server version 3)</msg>
<msg timestamp="20210728 15:38:02.035" level="INFO">[chan 10] sftp session closed.</msg>
<status status="PASS" starttime="20210728 15:38:02.026" endtime="20210728 15:38:02.036"/>
</kw>
<status status="PASS" starttime="20210728 15:38:02.014" endtime="20210728 15:38:02.037"/>
</test>
<test id="s1-s1-s1-t6" name="Get File">
<kw name="Get File" library="TestSSH">
<arg>file11.txt</arg>
<arg>./file13.txt</arg>
<msg timestamp="20210728 15:38:02.045" level="INFO">[chan 11] Opened sftp connection (server version 3)</msg>
<msg timestamp="20210728 15:38:02.052" level="INFO">[chan 11] sftp session closed.</msg>
<status status="PASS" starttime="20210728 15:38:02.039" endtime="20210728 15:38:02.053"/>
</kw>
<status status="PASS" starttime="20210728 15:38:02.038" endtime="20210728 15:38:02.054"/>
</test>
<test id="s1-s1-s1-t7" name="Remove File From Virtual">
<kw name="Create File" library="TestSSH">
<arg>file2.txt</arg>
<arg>my name is waseem</arg>
<arg>dir1</arg>
<status status="PASS" starttime="20210728 15:38:02.057" endtime="20210728 15:38:02.074"/>
</kw>
<kw name="Get Count Of Files" library="TestSSH">
<var>${NUM_OF_FILES_BEFORE}</var>
<arg>dir1</arg>
<msg timestamp="20210728 15:38:02.083" level="INFO">[chan 14] Opened sftp connection (server version 3)</msg>
<msg timestamp="20210728 15:38:02.090" level="INFO">[chan 14] sftp session closed.</msg>
<msg timestamp="20210728 15:38:02.091" level="INFO">${NUM_OF_FILES_BEFORE} = 2</msg>
<status status="PASS" starttime="20210728 15:38:02.075" endtime="20210728 15:38:02.091"/>
</kw>
<kw name="Remove File" library="TestSSH">
<arg>dir1/file2.txt</arg>
<msg timestamp="20210728 15:38:02.098" level="INFO">[chan 15] Opened sftp connection (server version 3)</msg>
<msg timestamp="20210728 15:38:02.100" level="INFO">[chan 15] sftp session closed.</msg>
<status status="PASS" starttime="20210728 15:38:02.091" endtime="20210728 15:38:02.100"/>
</kw>
<kw name="Get Count Of Files" library="TestSSH">
<var>${NUM_OF_FILES_AFTER}</var>
<arg>dir1</arg>
<msg timestamp="20210728 15:38:02.108" level="INFO">[chan 16] Opened sftp connection (server version 3)</msg>
<msg timestamp="20210728 15:38:02.111" level="INFO">[chan 16] sftp session closed.</msg>
<msg timestamp="20210728 15:38:02.111" level="INFO">${NUM_OF_FILES_AFTER} = 1</msg>
<status status="PASS" starttime="20210728 15:38:02.101" endtime="20210728 15:38:02.111"/>
</kw>
<kw name="Evaluate" library="BuiltIn">
<arg>${NUM_OF_FILES_AFTER} &lt; ${NUM_OF_FILES_BEFORE}</arg>
<doc>Evaluates the given expression in Python and returns the result.</doc>
<status status="PASS" starttime="20210728 15:38:02.112" endtime="20210728 15:38:02.112"/>
</kw>
<status status="PASS" starttime="20210728 15:38:02.056" endtime="20210728 15:38:02.113"/>
</test>
<test id="s1-s1-s1-t8" name="Empty Directory">
<kw name="Create File" library="TestSSH">
<arg>file1.txt</arg>
<arg>my name is waseem</arg>
<arg>directory1</arg>
<status status="PASS" starttime="20210728 15:38:02.115" endtime="20210728 15:38:02.125"/>
</kw>
<kw name="Create File" library="TestSSH">
<arg>file2.txt</arg>
<arg>my name is waseem</arg>
<arg>directory1</arg>
<status status="PASS" starttime="20210728 15:38:02.126" endtime="20210728 15:38:02.135"/>
</kw>
<kw name="Remove Files In Directory" library="TestSSH">
<arg>directory1</arg>
<status status="PASS" starttime="20210728 15:38:02.135" endtime="20210728 15:38:02.141"/>
</kw>
<kw name="Get Count Of Files" library="TestSSH">
<var>${NUM_OF_FILES}</var>
<arg>directory1</arg>
<msg timestamp="20210728 15:38:02.148" level="INFO">[chan 22] Opened sftp connection (server version 3)</msg>
<msg timestamp="20210728 15:38:02.151" level="INFO">[chan 22] sftp session closed.</msg>
<msg timestamp="20210728 15:38:02.151" level="INFO">${NUM_OF_FILES} = 0</msg>
<status status="PASS" starttime="20210728 15:38:02.142" endtime="20210728 15:38:02.151"/>
</kw>
<kw name="Should Be Equal As Integers" library="BuiltIn">
<arg>${NUM_OF_FILES}</arg>
<arg>0</arg>
<doc>Fails if objects are unequal after converting them to integers.</doc>
<msg timestamp="20210728 15:38:02.152" level="INFO">Argument types are:
&lt;class 'int'&gt;
&lt;type 'unicode'&gt;</msg>
<status status="PASS" starttime="20210728 15:38:02.152" endtime="20210728 15:38:02.152"/>
</kw>
<status status="PASS" starttime="20210728 15:38:02.114" endtime="20210728 15:38:02.153"/>
</test>
<status status="PASS" starttime="20210728 15:38:01.653" endtime="20210728 15:38:02.155"/>
</suite>
<kw name="Custom TearDown" type="TEARDOWN">
<kw name="Logout From Host" library="TestSSH">
<status status="PASS" starttime="20210728 15:38:02.157" endtime="20210728 15:38:02.157"/>
</kw>
<status status="PASS" starttime="20210728 15:38:02.156" endtime="20210728 15:38:02.157"/>
</kw>
<status status="PASS" starttime="20210728 15:38:01.471" endtime="20210728 15:38:02.157"/>
</suite>
<status status="PASS" starttime="20210728 15:38:01.438" endtime="20210728 15:38:02.160"/>
</suite>
<statistics>
<total>
<stat pass="8" fail="0" skip="0">All Tests</stat>
</total>
<tag>
</tag>
<suite>
<stat pass="8" fail="0" skip="0" id="s1" name="Robot Paramiko">Robot Paramiko</stat>
<stat pass="8" fail="0" skip="0" id="s1-s1" name="Test Vm">Robot Paramiko.Test Vm</stat>
<stat pass="8" fail="0" skip="0" id="s1-s1-s1" name="Test Vm">Robot Paramiko.Test Vm.Test Vm</stat>
</suite>
</statistics>
<errors>
</errors>
</robot>
