<?xml version="1.0" encoding="UTF-8"?>
<robot generator="Robot 4.0.3 (Python 3.8.6 on win32)" generated="20210728 11:56:55.443" rpa="false" schemaversion="2">
<suite id="s1" name="Robot Paramiko" source="C:\Users\WaseemS\Documents\robot_paramiko">
<suite id="s1-s1" name="Test Vm" source="C:\Users\WaseemS\Documents\robot_paramiko\test_vm">
<kw name="Custom Setup" type="SETUP">
<kw name="Login To Host" library="TestSSH">
<arg>${HOST}</arg>
<arg>port=2222</arg>
<arg>username=${USERNAME}</arg>
<arg>password=${PASSWORD}</arg>
<status status="PASS" starttime="20210728 11:56:55.579" endtime="20210728 11:56:55.620"/>
</kw>
<status status="PASS" starttime="20210728 11:56:55.579" endtime="20210728 11:56:55.620"/>
</kw>
<suite id="s1-s1-s1" name="Test Vm" source="C:\Users\WaseemS\Documents\robot_paramiko\test_vm\test_vm.robot">
<test id="s1-s1-s1-t1" name="Check Hostname">
<kw name="Get Hostname" library="TestSSH">
<var>${HOSTNAME}</var>
<msg timestamp="20210728 11:56:55.768" level="INFO">${HOSTNAME} = waseem-ahmad</msg>
<status status="PASS" starttime="20210728 11:56:55.625" endtime="20210728 11:56:55.768"/>
</kw>
<kw name="Log" library="BuiltIn">
<arg>${HOSTNAME}</arg>
<doc>Logs the given message with the given level.</doc>
<msg timestamp="20210728 11:56:55.768" level="INFO">waseem-ahmad</msg>
<status status="PASS" starttime="20210728 11:56:55.768" endtime="20210728 11:56:55.768"/>
</kw>
<kw name="Should Be Equal" library="BuiltIn">
<arg>${HOSTNAME}</arg>
<arg>waseem-ahmad</arg>
<doc>Fails if the given objects are unequal.</doc>
<status status="PASS" starttime="20210728 11:56:55.769" endtime="20210728 11:56:55.769"/>
</kw>
<status status="PASS" starttime="20210728 11:56:55.624" endtime="20210728 11:56:55.770"/>
</test>
<test id="s1-s1-s1-t2" name="Check Network">
<kw name="Get Network Configurations" library="TestSSH">
<var>${NETWORK}</var>
<msg timestamp="20210728 11:56:55.777" level="INFO">${NETWORK} = enp0s3: flags=4163&lt;UP,BROADCAST,RUNNING,MULTICAST&gt;  mtu 1500
        inet 10.0.2.15  netmask 255.255.255.0  broadcast 10.0.2.255
        inet6 fe80::49af:39d9:a007:792e  prefixlen 64  scopeid 0x20&lt;lin...</msg>
<status status="PASS" starttime="20210728 11:56:55.772" endtime="20210728 11:56:55.777"/>
</kw>
<kw name="Log" library="BuiltIn">
<arg>${NETWORK}</arg>
<doc>Logs the given message with the given level.</doc>
<msg timestamp="20210728 11:56:55.778" level="INFO">enp0s3: flags=4163&lt;UP,BROADCAST,RUNNING,MULTICAST&gt;  mtu 1500
        inet 10.0.2.15  netmask 255.255.255.0  broadcast 10.0.2.255
        inet6 fe80::49af:39d9:a007:792e  prefixlen 64  scopeid 0x20&lt;link&gt;
        ether 08:00:27:dd:d2:f7  txqueuelen 1000  (Ethernet)
        RX packets 21797  bytes 6411233 (6.4 MB)
        RX errors 0  dropped 0  overruns 0  frame 0
        TX packets 13594  bytes 2878053 (2.8 MB)
        TX errors 0  dropped 0 overruns 0  carrier 0  collisions 0

lo: flags=73&lt;UP,LOOPBACK,RUNNING&gt;  mtu 65536
        inet 127.0.0.1  netmask 255.0.0.0
        inet6 ::1  prefixlen 128  scopeid 0x10&lt;host&gt;
        loop  txqueuelen 1000  (Local Loopback)
        RX packets 337  bytes 30320 (30.3 KB)
        RX errors 0  dropped 0  overruns 0  frame 0
        TX packets 337  bytes 30320 (30.3 KB)
        TX errors 0  dropped 0 overruns 0  carrier 0  collisions 0

</msg>
<status status="PASS" starttime="20210728 11:56:55.778" endtime="20210728 11:56:55.778"/>
</kw>
<kw name="Should Contain" library="BuiltIn">
<arg>${NETWORK}</arg>
<arg>${NET1}</arg>
<doc>Fails if ``container`` does not contain ``item`` one or more times.</doc>
<status status="PASS" starttime="20210728 11:56:55.778" endtime="20210728 11:56:55.779"/>
</kw>
<kw name="Should Contain" library="BuiltIn">
<arg>${NETWORK}</arg>
<arg>${NET2}</arg>
<doc>Fails if ``container`` does not contain ``item`` one or more times.</doc>
<status status="PASS" starttime="20210728 11:56:55.779" endtime="20210728 11:56:55.779"/>
</kw>
<kw name="Should Contain" library="BuiltIn">
<arg>${NETWORK}</arg>
<arg>${NET3}</arg>
<doc>Fails if ``container`` does not contain ``item`` one or more times.</doc>
<status status="PASS" starttime="20210728 11:56:55.779" endtime="20210728 11:56:55.780"/>
</kw>
<status status="PASS" starttime="20210728 11:56:55.771" endtime="20210728 11:56:55.780"/>
</test>
<test id="s1-s1-s1-t3" name="Make Directory">
<kw name="Create Directory" library="TestSSH">
<arg>directory1</arg>
<msg timestamp="20210728 11:56:55.787" level="INFO">[chan 2] Opened sftp connection (server version 3)</msg>
<msg timestamp="20210728 11:56:55.790" level="INFO">[chan 2] sftp session closed.</msg>
<msg timestamp="20210728 11:56:55.796" level="INFO">[chan 3] Opened sftp connection (server version 3)</msg>
<msg timestamp="20210728 11:56:55.796" level="INFO">[chan 3] sftp session closed.</msg>
<msg timestamp="20210728 11:56:55.809" level="INFO">[chan 4] Opened sftp connection (server version 3)</msg>
<msg timestamp="20210728 11:56:55.812" level="INFO">[chan 4] sftp session closed.</msg>
<status status="PASS" starttime="20210728 11:56:55.781" endtime="20210728 11:56:55.812"/>
</kw>
<kw name="Directory Should Exist" library="TestSSH">
<var>${RESULT}</var>
<arg>directory1</arg>
<msg timestamp="20210728 11:56:55.821" level="INFO">[chan 5] Opened sftp connection (server version 3)</msg>
<msg timestamp="20210728 11:56:55.825" level="INFO">[chan 5] sftp session closed.</msg>
<msg timestamp="20210728 11:56:55.825" level="INFO">${RESULT} = 1</msg>
<status status="PASS" starttime="20210728 11:56:55.812" endtime="20210728 11:56:55.825"/>
</kw>
<kw name="Should Be Equal As Integers" library="BuiltIn">
<arg>${RESULT}</arg>
<arg>1</arg>
<doc>Fails if objects are unequal after converting them to integers.</doc>
<msg timestamp="20210728 11:56:55.826" level="INFO">Argument types are:
&lt;class 'int'&gt;
&lt;type 'unicode'&gt;</msg>
<status status="PASS" starttime="20210728 11:56:55.826" endtime="20210728 11:56:55.826"/>
</kw>
<status status="PASS" starttime="20210728 11:56:55.780" endtime="20210728 11:56:55.827"/>
</test>
<test id="s1-s1-s1-t4" name="Make File">
<kw name="Create File" library="TestSSH">
<arg>file12.txt</arg>
<arg>my name is waseem</arg>
<arg>.</arg>
<status status="PASS" starttime="20210728 11:56:55.828" endtime="20210728 11:56:55.837"/>
</kw>
<kw name="File Should Exist" library="TestSSH">
<arg>file12.txt</arg>
<msg timestamp="20210728 11:56:55.845" level="INFO">[chan 8] Opened sftp connection (server version 3)</msg>
<msg timestamp="20210728 11:56:55.848" level="INFO">[chan 8] sftp session closed.</msg>
<status status="PASS" starttime="20210728 11:56:55.837" endtime="20210728 11:56:55.849"/>
</kw>
<status status="PASS" starttime="20210728 11:56:55.828" endtime="20210728 11:56:55.849"/>
</test>
<test id="s1-s1-s1-t5" name="Put File">
<kw name="Put File" library="TestSSH">
<arg>./file123.txt</arg>
<arg>file123.txt</arg>
<msg timestamp="20210728 11:56:55.857" level="INFO">[chan 9] Opened sftp connection (server version 3)</msg>
<msg timestamp="20210728 11:56:55.860" level="INFO">[chan 9] sftp session closed.</msg>
<status status="PASS" starttime="20210728 11:56:55.851" endtime="20210728 11:56:55.860"/>
</kw>
<kw name="File Should Exist" library="TestSSH">
<arg>file123.txt</arg>
<msg timestamp="20210728 11:56:55.865" level="INFO">[chan 10] Opened sftp connection (server version 3)</msg>
<msg timestamp="20210728 11:56:55.869" level="INFO">[chan 10] sftp session closed.</msg>
<status status="PASS" starttime="20210728 11:56:55.861" endtime="20210728 11:56:55.869"/>
</kw>
<status status="PASS" starttime="20210728 11:56:55.850" endtime="20210728 11:56:55.870"/>
</test>
<test id="s1-s1-s1-t6" name="Get File">
<kw name="Get File" library="TestSSH">
<arg>file11.txt</arg>
<arg>./file13.txt</arg>
<msg timestamp="20210728 11:56:55.882" level="INFO">[chan 11] Opened sftp connection (server version 3)</msg>
<msg timestamp="20210728 11:56:55.889" level="INFO">[chan 11] sftp session closed.</msg>
<status status="PASS" starttime="20210728 11:56:55.871" endtime="20210728 11:56:55.889"/>
</kw>
<status status="PASS" starttime="20210728 11:56:55.871" endtime="20210728 11:56:55.890"/>
</test>
<test id="s1-s1-s1-t7" name="Remove File From Virtual">
<kw name="Create File" library="TestSSH">
<arg>file2.txt</arg>
<arg>my name is waseem</arg>
<arg>dir1</arg>
<status status="PASS" starttime="20210728 11:56:55.891" endtime="20210728 11:56:55.915"/>
</kw>
<kw name="Get Count Of Files" library="TestSSH">
<var>${NUM_OF_FILES_BEFORE}</var>
<arg>dir1</arg>
<msg timestamp="20210728 11:56:55.926" level="INFO">[chan 14] Opened sftp connection (server version 3)</msg>
<msg timestamp="20210728 11:56:55.930" level="INFO">[chan 14] sftp session closed.</msg>
<msg timestamp="20210728 11:56:55.930" level="INFO">${NUM_OF_FILES_BEFORE} = 2</msg>
<status status="PASS" starttime="20210728 11:56:55.916" endtime="20210728 11:56:55.931"/>
</kw>
<kw name="Remove File" library="TestSSH">
<arg>dir1/file2.txt</arg>
<msg timestamp="20210728 11:56:55.937" level="INFO">[chan 15] Opened sftp connection (server version 3)</msg>
<msg timestamp="20210728 11:56:55.938" level="INFO">[chan 15] sftp session closed.</msg>
<status status="PASS" starttime="20210728 11:56:55.931" endtime="20210728 11:56:55.938"/>
</kw>
<kw name="Get Count Of Files" library="TestSSH">
<var>${NUM_OF_FILES_AFTER}</var>
<arg>dir1</arg>
<msg timestamp="20210728 11:56:55.944" level="INFO">[chan 16] Opened sftp connection (server version 3)</msg>
<msg timestamp="20210728 11:56:55.949" level="INFO">[chan 16] sftp session closed.</msg>
<msg timestamp="20210728 11:56:55.950" level="INFO">${NUM_OF_FILES_AFTER} = 1</msg>
<status status="PASS" starttime="20210728 11:56:55.939" endtime="20210728 11:56:55.950"/>
</kw>
<kw name="Evaluate" library="BuiltIn">
<arg>${NUM_OF_FILES_AFTER} &lt; ${NUM_OF_FILES_BEFORE}</arg>
<doc>Evaluates the given expression in Python and returns the result.</doc>
<status status="PASS" starttime="20210728 11:56:55.950" endtime="20210728 11:56:55.951"/>
</kw>
<status status="PASS" starttime="20210728 11:56:55.891" endtime="20210728 11:56:55.951"/>
</test>
<test id="s1-s1-s1-t8" name="Empty Directory">
<kw name="Create File" library="TestSSH">
<arg>file1.txt</arg>
<arg>my name is waseem</arg>
<arg>directory1</arg>
<status status="PASS" starttime="20210728 11:56:55.952" endtime="20210728 11:56:55.962"/>
</kw>
<kw name="Create File" library="TestSSH">
<arg>file2.txt</arg>
<arg>my name is waseem</arg>
<arg>directory1</arg>
<status status="PASS" starttime="20210728 11:56:55.963" endtime="20210728 11:56:55.970"/>
</kw>
<kw name="Remove Files In Directory" library="TestSSH">
<arg>directory1</arg>
<status status="PASS" starttime="20210728 11:56:55.971" endtime="20210728 11:56:55.976"/>
</kw>
<kw name="Get Count Of Files" library="TestSSH">
<var>${NUM_OF_FILES}</var>
<arg>directory1</arg>
<msg timestamp="20210728 11:56:55.983" level="INFO">[chan 22] Opened sftp connection (server version 3)</msg>
<msg timestamp="20210728 11:56:55.985" level="INFO">[chan 22] sftp session closed.</msg>
<msg timestamp="20210728 11:56:55.985" level="INFO">${NUM_OF_FILES} = 0</msg>
<status status="PASS" starttime="20210728 11:56:55.977" endtime="20210728 11:56:55.985"/>
</kw>
<kw name="Should Be Equal As Integers" library="BuiltIn">
<arg>${NUM_OF_FILES}</arg>
<arg>0</arg>
<doc>Fails if objects are unequal after converting them to integers.</doc>
<msg timestamp="20210728 11:56:55.986" level="INFO">Argument types are:
&lt;class 'int'&gt;
&lt;type 'unicode'&gt;</msg>
<status status="PASS" starttime="20210728 11:56:55.986" endtime="20210728 11:56:55.986"/>
</kw>
<status status="PASS" starttime="20210728 11:56:55.952" endtime="20210728 11:56:55.987"/>
</test>
<status status="PASS" starttime="20210728 11:56:55.620" endtime="20210728 11:56:55.990"/>
</suite>
<kw name="Custom TearDown" type="TEARDOWN">
<kw name="Logout From Host" library="TestSSH">
<status status="PASS" starttime="20210728 11:56:55.992" endtime="20210728 11:56:55.993"/>
</kw>
<status status="PASS" starttime="20210728 11:56:55.992" endtime="20210728 11:56:55.993"/>
</kw>
<status status="PASS" starttime="20210728 11:56:55.466" endtime="20210728 11:56:55.993"/>
</suite>
<status status="PASS" starttime="20210728 11:56:55.445" endtime="20210728 11:56:55.996"/>
</suite>
<statistics>
<total>
<stat pass="8" fail="0" skip="0">All Tests</stat>
</total>
<tag>
</tag>
<suite>
<stat pass="8" fail="0" skip="0" id="s1" name="Robot Paramiko">Robot Paramiko</stat>
<stat pass="8" fail="0" skip="0" id="s1-s1" name="Test Vm">Robot Paramiko.Test Vm</stat>
<stat pass="8" fail="0" skip="0" id="s1-s1-s1" name="Test Vm">Robot Paramiko.Test Vm.Test Vm</stat>
</suite>
</statistics>
<errors>
</errors>
</robot>
